Turbo Assembler	 Version 2.0	    12/20/19 14:57:20	    Page 1
SCAN&PRI.ASM



      1	0000				     .MODEL small
      2	0000				     .STACK 100
      3	0000				     .DATA
      4	0000  ????		     A		     DW		     ?
      5	0002  ????		     B		     DW		     ?
      6	0004  ????		     C		     DW		     ?
      7				     ;---------------------------------------
      8	0006				     .CODE
      9	0000			     MAIN    PROC    FAR
     10	0000  B8 0000s			     MOV     AX, @data
     11	0003  8E D8			     MOV     DS, AX
     12
     13	0005  B4 01			     MOV     AH, 01H		     ; INPUT A
     14	0007  CD 21			     INT     21H
     15	0009  A3 0000r			     MOV	     A,	AX
     16
     17	000C  B4 01			     MOV     AH, 01H		     ; INPUT
     18	000E  CD 21			     INT     21H
     19	0010  A3 0002r			     MOV	     B,	AX
     20
     21	0013  A1 0000r			     MOV      AX, A
     22	0016  03 06 0002r		     ADD      AX, B
     23	001A  A3 0004r			     MOV      C, AX
     24
     25	001D  A1 0004r			     MOV      AX, C
     26	0020  2D 0030			     SUB      AX, 48
     27	0023  A3 0004r			     MOV      C, AX
     28
     29	0026  B4 02			     MOV	     AH, 02H		     ; OUTPUT
     30	0028  8A D0			     MOV	     DL, AL
     31	002A  CD 21			     INT	     21H
     32
     33
     34	002C  B8 4C00			     MOV     AX, 4C00H
     35	002F  CD 21			     INT     21H
     36
     37	0031			     MAIN    ENDP
     38					     END     MAIN
Turbo Assembler	 Version 2.0	    12/20/19 14:57:20	    Page 2
Symbol Table




Symbol Name			  Type	 Value

??DATE				  Text	 "12/20/19"
??FILENAME			  Text	 "SCAN&PRI"
??TIME				  Text	 "14:57:20"
??VERSION			  Number 0200
@CODE				  Text	 _TEXT
@CODESIZE			  Text	 0
@CPU				  Text	 0101H
@CURSEG				  Text	 _TEXT
@DATA				  Text	 DGROUP
@DATASIZE			  Text	 0
@FILENAME			  Text	 SCAN&PRI
@MODEL				  Text	 2
@WORDSIZE			  Text	 2
A				  Word	 DGROUP:0000
B				  Word	 DGROUP:0002
C				  Word	 DGROUP:0004
MAIN				  Far	 _TEXT:0000

Groups & Segments		  Bit Size Align  Combine Class

DGROUP				  Group
  STACK				  16  0064 Para	  Stack	  STACK
  _DATA				  16  0006 Word	  Public  DATA
_TEXT				  16  0031 Word	  Public  CODE
